<?xml version="1.0" encoding="UTF-8"?>
<!-- Generated by org.testng.reporters.JUnitXMLReporter -->
<testsuite hostname="DESKTOP-1RT3ELN" ignored="0" name="Test" tests="2" failures="2" timestamp="2020-02-13T15:33:19 IST" time="112.174" errors="0">
  <testcase name="testCreateCustomerTC_000" time="43.473" classname="org.ActiTime.TS.CreateCustomerTC_000">
    <failure type="java.lang.NullPointerException">
      <![CDATA[java.lang.NullPointerException
at org.openqa.selenium.support.pagefactory.DefaultElementLocator.findElement(DefaultElementLocator.java:69)
at org.openqa.selenium.support.pagefactory.internal.LocatingElementHandler.invoke(LocatingElementHandler.java:38)
at com.sun.proxy.$Proxy9.sendKeys(Unknown Source)
at actitime.wp.Addnewcustomerpage.enterCustomerName(Addnewcustomerpage.java:23)
at org.ActiTime.TS.CreateCustomerTC_000.testCreateCustomerTC_000(CreateCustomerTC_000.java:19)
at java.util.ArrayList.forEach(Unknown Source)
... Removed 31 stack frames]]>
    </failure>
  </testcase> <!-- testCreateCustomerTC_000 -->
  <testcase name="testCreateCustomerTC_000" time="44.076" classname="org.ActiTime.TS.CreateCustomerTC_000">
    <failure type="java.lang.NullPointerException">
      <![CDATA[java.lang.NullPointerException
at org.openqa.selenium.support.events.EventFiringWebDriver.extractInterfaces(EventFiringWebDriver.java:120)
at org.openqa.selenium.support.events.EventFiringWebDriver.<init>(EventFiringWebDriver.java:94)
at actitime.ut.Listeners.onTestFailure(Listeners.java:64)
at java.util.ArrayList.forEach(Unknown Source)
... Removed 28 stack frames]]>
    </failure>
  </testcase> <!-- testCreateCustomerTC_000 -->
</testsuite> <!-- Test -->
